<?xml version="1.0" encoding="UTF-8"?>
<testsuite xmlns:xsi="http://www.w3.org/2001/XMLSchema-instance" xsi:schemaLocation="https://maven.apache.org/surefire/maven-surefire-plugin/xsd/surefire-test-report.xsd" name="com.patient.api.dao.test.PatientDaoImplTest" time="0.164" tests="14" errors="0" skipped="4" failures="0">
  <properties>
    <property name="java.runtime.name" value="Java(TM) SE Runtime Environment"/>
    <property name="java.vm.version" value="17.0.2+8-LTS-86"/>
    <property name="sun.boot.library.path" value="C:\Program Files\Java\jdk-17.0.2\bin"/>
    <property name="maven.multiModuleProjectDirectory" value="C:\Users\RS096745\eclipse-workspace\Covid-Patients-data-retriever-TEST-TEST2"/>
    <property name="java.vm.vendor" value="Oracle Corporation"/>
    <property name="java.vendor.url" value="https://java.oracle.com/"/>
    <property name="guice.disable.misplaced.annotation.check" value="true"/>
    <property name="path.separator" value=";"/>
    <property name="java.vm.name" value="Java HotSpot(TM) 64-Bit Server VM"/>
    <property name="sun.os.patch.level" value=""/>
    <property name="user.script" value=""/>
    <property name="user.country" value="IN"/>
    <property name="sun.java.launcher" value="SUN_STANDARD"/>
    <property name="java.vm.specification.name" value="Java Virtual Machine Specification"/>
    <property name="user.dir" value="C:\Users\RS096745\eclipse-workspace\Covid-Patients-data-retriever-TEST-TEST2"/>
    <property name="java.vm.compressedOopsMode" value="Zero based"/>
    <property name="java.runtime.version" value="17.0.2+8-LTS-86"/>
    <property name="os.arch" value="amd64"/>
    <property name="java.io.tmpdir" value="C:\Users\RS096745\AppData\Local\Temp\"/>
    <property name="line.separator" value="&#10;"/>
    <property name="java.vm.specification.vendor" value="Oracle Corporation"/>
    <property name="user.variant" value=""/>
    <property name="os.name" value="Windows 10"/>
    <property name="classworlds.conf" value="C:\Users\RS096745\eclipse-workspace\.metadata\.plugins\org.eclipse.m2e.launching\launches\m2conf12179049098550360511.tmp"/>
    <property name="sun.jnu.encoding" value="Cp1252"/>
    <property name="java.library.path" value="C:\Program Files\Java\jdk-17.0.2\bin;C:\Windows\Sun\Java\bin;C:\Windows\system32;C:\Windows;C:\Program Files\Common Files\Oracle\Java\javapath;C:\Python310\Scripts\;C:\Python310\;C:\Windows\system32;C:\Windows;C:\Windows\System32\Wbem;C:\Windows\System32\WindowsPowerShell\v1.0\;C:\Windows\System32\OpenSSH\;C:\Program Files\Git\cmd;C:\Program Files\Java\jdk-17.0.1\bin;C:\ProgramData\chocolatey\bin;C:\Program Files\dotnet\;C:\Program Files\Microsoft SQL Server\130\Tools\Binn\;C:\Program Files\Microsoft SQL Server\Client SDK\ODBC\170\Tools\Binn\;C:\Program Files\apache-maven-3.8.4-bin\apache-maven-3.8.4\bin;C:\Program Files (x86)\dotnet\;C:\Program Files\nodejs\;C:\Users\RS096745\AppData\Local\Microsoft\WindowsApps;;C:\Users\RS096745\AppData\Local\Programs\Microsoft VS Code\bin;C:\Program Files\JetBrains\IntelliJ IDEA Community Edition 2021.3.1\bin;;C:\Users\RS096745\AppData\Roaming\npm;C:\Users\RS096745\.dotnet\tools;."/>
    <property name="jdk.debug" value="release"/>
    <property name="java.class.version" value="61.0"/>
    <property name="java.specification.name" value="Java Platform API Specification"/>
    <property name="sun.management.compiler" value="HotSpot 64-Bit Tiered Compilers"/>
    <property name="os.version" value="10.0"/>
    <property name="user.home" value="C:\Users\RS096745"/>
    <property name="user.timezone" value="Asia/Calcutta"/>
    <property name="file.encoding" value="Cp1252"/>
    <property name="java.specification.version" value="17"/>
    <property name="user.name" value="RS096745"/>
    <property name="java.class.path" value="C:\Users\RS096745\.p2\pool\plugins\org.eclipse.m2e.maven.runtime_1.18.1.20211011-2139\jars\plexus-classworlds-2.6.0.jar"/>
    <property name="java.vm.specification.version" value="17"/>
    <property name="sun.arch.data.model" value="64"/>
    <property name="sun.java.command" value="org.codehaus.plexus.classworlds.launcher.Launcher -B clean install"/>
    <property name="java.home" value="C:\Program Files\Java\jdk-17.0.2"/>
    <property name="user.language" value="en"/>
    <property name="java.specification.vendor" value="Oracle Corporation"/>
    <property name="java.vm.info" value="mixed mode, sharing"/>
    <property name="java.version" value="17.0.2"/>
    <property name="native.encoding" value="Cp1252"/>
    <property name="java.vendor" value="Oracle Corporation"/>
    <property name="maven.home" value="C:\Users\RS096745\eclipse-workspace\Covid-Patients-data-retriever-TEST-TEST2\EMBEDDED"/>
    <property name="file.separator" value="\"/>
    <property name="java.version.date" value="2022-01-18"/>
    <property name="java.vendor.url.bug" value="https://bugreport.java.com/bugreport/"/>
    <property name="sun.io.unicode.encoding" value="UnicodeLittle"/>
    <property name="sun.cpu.endian" value="little"/>
    <property name="sun.cpu.isalist" value="amd64"/>
  </properties>
  <testcase name="testNegativePatientIdGetPatient" classname="com.patient.api.dao.test.PatientDaoImplTest" time="0.058"/>
  <testcase name="testNegativePatientIdInDeletePatient" classname="com.patient.api.dao.test.PatientDaoImplTest" time="0.006"/>
  <testcase name="testRuntimeExceptionInDeletePatient" classname="com.patient.api.dao.test.PatientDaoImplTest" time="0.012"/>
  <testcase name="testRuntimeExceptionGetPatient" classname="com.patient.api.dao.test.PatientDaoImplTest" time="0.003"/>
  <testcase name="testNullObjectInAddPatient" classname="com.patient.api.dao.test.PatientDaoImplTest" time="0.007"/>
  <testcase name="testNullObjectInUpdatePatient" classname="com.patient.api.dao.test.PatientDaoImplTest" time="0.006"/>
  <testcase name="testZeroPatientIdInGetPatient" classname="com.patient.api.dao.test.PatientDaoImplTest" time="0.006"/>
  <testcase name="updatePatientTest" classname="com.patient.api.dao.test.PatientDaoImplTest" time="0">
    <skipped message="public void com.patient.api.dao.test.PatientDaoImplTest.updatePatientTest() throws java.sql.SQLException is @Disabled"/>
  </testcase>
  <testcase name="testZeroPatientIdInDeletePatient" classname="com.patient.api.dao.test.PatientDaoImplTest" time="0.005"/>
  <testcase name="getPatientTest" classname="com.patient.api.dao.test.PatientDaoImplTest" time="0">
    <skipped message="public void com.patient.api.dao.test.PatientDaoImplTest.getPatientTest() throws java.sql.SQLException is @Disabled"/>
  </testcase>
  <testcase name="updatePatientTestRuntimeException" classname="com.patient.api.dao.test.PatientDaoImplTest" time="0.011"/>
  <testcase name="deletePatientTest" classname="com.patient.api.dao.test.PatientDaoImplTest" time="0">
    <skipped message="public void com.patient.api.dao.test.PatientDaoImplTest.deletePatientTest() throws java.lang.RuntimeException,java.sql.SQLException is @Disabled"/>
  </testcase>
  <testcase name="addPatientTest" classname="com.patient.api.dao.test.PatientDaoImplTest" time="0">
    <skipped message="public void com.patient.api.dao.test.PatientDaoImplTest.addPatientTest() throws java.sql.SQLException is @Disabled"/>
  </testcase>
  <testcase name="addPatientTestRuntimeException" classname="com.patient.api.dao.test.PatientDaoImplTest" time="0.006"/>
</testsuite>